2020-11-05T15:28:56.3949603Z ##[section]Starting: ALM Octane Job End
2020-11-05T15:28:56.3955665Z ==============================================================================
2020-11-05T15:28:56.3955982Z Task         : ALM Octane Job End
2020-11-05T15:28:56.3956370Z Description  : ALM Octane End Task
2020-11-05T15:28:56.3956564Z Version      : 1.1.0
2020-11-05T15:28:56.3956778Z Author       : Micro Focus
2020-11-05T15:28:56.3956975Z Help         : 
2020-11-05T15:28:56.3957546Z ==============================================================================
2020-11-05T15:28:57.2133272Z [DEBUG]ALMOctaneLogLevel: debug
2020-11-05T15:28:57.2136729Z [command]/usr/local/bin/node --version
2020-11-05T15:28:57.3752076Z v14.15.0
2020-11-05T15:28:57.3758170Z [INFO]node version = v14.15.0
2020-11-05T15:28:57.3758697Z 
2020-11-05T15:28:57.3769433Z [INFO]OctaneService = 1112f922-9241-403e-a6e3-5cf83cbce046
2020-11-05T15:28:57.3770530Z [DEBUG]rawUrl = https://qa8.almoctane.com/ui/?&p=1001
2020-11-05T15:28:57.3859253Z [INFO]url.href = https://qa8.almoctane.com/ui/?&p=1001
2020-11-05T15:28:57.3861793Z [DEBUG]token = undefined
2020-11-05T15:28:57.3862198Z [INFO]instanceId = qa8.almoctane.com
2020-11-05T15:28:57.3864963Z 1112f922-9241-403e-a6e3-5cf83cbce046 exists true
2020-11-05T15:28:57.3866093Z [DEBUG]clientId = ***
2020-11-05T15:28:57.3866656Z [DEBUG]clientSecret = ***
2020-11-05T15:28:57.3876464Z [INFO]collectionUri = https://dev.azure.com/biancaclaudiachiorean/
2020-11-05T15:28:57.3877163Z [INFO]projectId = ef16a7f5-ecb6-4698-bacc-d9898780d7a1
2020-11-05T15:28:57.3877582Z [INFO]projectName = Test
2020-11-05T15:28:57.3878315Z [INFO]buildDefinitionName = Test-Maven-CI
2020-11-05T15:28:57.3878965Z [INFO]agentJobName = AlmOctanePipelineEnd
2020-11-05T15:28:57.3879515Z [INFO]sourceBranchName = master
2020-11-05T15:28:57.3880280Z [INFO]Project full name:AzureDevOps.qa8.almoctane.com.Test
2020-11-05T15:28:57.3881632Z [INFO]Job full name:AzureDevOps.qa8.almoctane.com.Test.Test-Maven-CI
2020-11-05T15:28:57.3883393Z [INFO]Pipeline full name:AzureDevOps.qa8.almoctane.com.Test.Test-Maven-CI@@@AlmOctanePipelineEnd
2020-11-05T15:28:57.3886386Z [INFO]workspaces = 1002
2020-11-05T15:28:57.8278265Z [INFO]Workspace 1002: authentication passed
2020-11-05T15:28:57.8282351Z [DEBUG]instanceId: qa8.almoctane.com
2020-11-05T15:29:00.1517392Z [DEBUG]ciServers: 
2020-11-05T15:29:00.1521053Z [DEBUG][{"type":"ci_server","last_modified":"2020-11-05T15:27:52Z","id":"39001","workspace_id":1002,"version_stamp":4,"server_type":"azure_devops","name":"AzureDevOps.qa8.almoctane.com.Test","url":"https://dev.azure.com/biancaclaudiachiorean/Test","instance_id":"qa8.almoctane.com","creation_time":"2020-11-05T15:17:24Z","is_supported":true,"is_connected":true,"author":{"type":"workspace_user","id":"427001","workspace_id":1002,"name":"***","activity_level":0,"full_name":"AzureAPI"}}]
2020-11-05T15:29:01.7981356Z SYSTEMVSSCONNECTION exists true
2020-11-05T15:29:02.3037678Z [DEBUG]Sending event:
2020-11-05T15:29:02.3039664Z {"projectDisplayName":"AlmOctanePipelineEnd","eventType":"finished","buildCiId":"16","number":"16","project":"AzureDevOps.qa8.almoctane.com.Test.Test-Maven-CI","result":"failure","startTime":1604590142302,"estimatedDuration":null,"duration":77316,"scmData":null,"phaseType":"post","causes":[{"type":"user","userName":"Bianca Claudia Chiorean","userId":"biancaclaudia.chiorean@microfocus.com"}]}
2020-11-05T15:29:02.9512327Z [DEBUG]sendEvent response:
2020-11-05T15:29:02.9518691Z [DEBUG]{"statusCode":200,"headers":{"date":"Thu, 05 Nov 2020 15:29:02 GMT","content-length":"0","connection":"close","strict-transport-security":"max-age=31536000","octane-server":"884001","x-content-type-options":"nosniff","x-xss-protection":"1","server-timing":"1.106xEntitiesReader;dur=433;,2.002xWorkspaceBeforeReadCommand;dur=75;,3.019xQueryTransformationReadCommand;dur=71;,4.001xPipelinePostReadCommand;dur=26;,5.001xCIServerPostReadCommand;dur=9;,6.001xAddWorkspaceIdCommand;dur=5;,7.004xVirtualFieldCommand;dur=4;,8.002xContextParamPostReadCommand;dur=2;,CPU;dur=182;,DB;dur=255;,WaitForConn;dur=1;,ES;dur=0;,Total;dur=438;","octane-db-query-count":"136","octane-es-query-count":"0","vary":"Accept-Encoding, User-Agent","cf-cache-status":"DYNAMIC","cf-request-id":"063a9f9b6d000034d812243000000001","expect-ct":"max-age=604800, report-uri=\"https://report-uri.cloudflare.com/cdn-cgi/beacon/expect-ct\"","server":"cloudflare","cf-ray":"5ed79ba5796134d8-DUB"},"request":{"uri":{"protocol":"https:","slashes":true,"auth":null,"host":"qa8.almoctane.com","port":443,"hostname":"qa8.almoctane.com","hash":null,"search":null,"query":null,"pathname":"/internal-api/shared_spaces/1001/analytics/ci/events","path":"/internal-api/shared_spaces/1001/analytics/ci/events","href":"https://qa8.almoctane.com/internal-api/shared_spaces/1001/analytics/ci/events"},"method":"PUT","headers":{"HPECLIENTTYPE":"HPE_CI_CLIENT","cookie":"__cfduid=dcd24434db287869f3edbe12b4f48bd961604590137; OCTANE_USER=QXp1cmVBUElfbDRqejNscDFsNm1kNGFncW52eHJ3MDlkaw==; LWSSO_COOKIE_KEY=ddMMJG7rKcUMWYBigGGoKCwRsFK7WiyMBpgtB_34jLy_pC6Glfo99weNLKKECsi0lb-G1x5KqXA4EbWT8GGkkrnhrib6L6beZ68TWZr2Qzcj1jdUGamulwLoeEE_gsNIGL1nB_T3rdWKY2QQt-LOvWHWxrDtSxJ6WxHORKkSqpdF58HJeqR0xNPHQpxGjkDfPA9C1X3siKacQRteCKQ4HRG1tj_v7Wd3LaG6v-oEYEcfhRUjcVxGqoffw4ITgHSRKqMw5-GARObmWfu4ALuXnB0o_oPaNBMHmRn-boaozXSMkVi57f0DkEDuE4BuK6f97ZNiDEPbnB-gcogmHkxXXfF7EaHQQgzLkAcVanCtHkc.","accept":"application/json","content-type":"application/json","content-length":630}}}
2020-11-05T15:29:03.2651177Z [ERROR]Test name is longer than 255 chars: bandVeryLongNameTest_1_123456789_2_123456789_3_123456789_4_123456789_5_123456789_6_123456789_7_123456789_8_123456789_9_123456789_10_123456789_11_123456789_12_123456789_13_123456789_14_123456789_15_123456789_16_123456789_17_123456789_18_123456789_19_123456789_20_123456789
2020-11-05T15:29:03.2695541Z [INFO]Test results converted for Octane
2020-11-05T15:29:03.2697124Z [DEBUG]<?xml version="1.0" encoding="utf-8" standalone="yes"?><test_result><build server_id="qa8.almoctane.com" job_id="AzureDevOps.qa8.almoctane.com.Test.Test-Maven-CI" build_id="16"/>
2020-11-05T15:29:03.2698305Z <test_fields>
2020-11-05T15:29:03.2698481Z     
2020-11-05T15:29:03.2698710Z         <test_field type="Framework" value="junit"/>
2020-11-05T15:29:03.2702281Z     
2020-11-05T15:29:03.2702547Z         <test_field type="Test_Level" value="Unit Test"/>
2020-11-05T15:29:03.2702796Z </test_fields>
2020-11-05T15:29:03.2703143Z <test_runs>
2020-11-05T15:29:03.2703318Z     
2020-11-05T15:29:03.2704049Z         <test_run package="com.hp.devops.demoapp.BandTest" name="bandTestA" class="com.hp.devops.demoapp.BandTest.bandTestA" duration="0" status="Passed" started="1604590113000" external_report_url="https://dev.azure.com/biancaclaudiachiorean/Test/_apis/test/Runs/32/Results/100000"/>
2020-11-05T15:29:03.2704710Z     
2020-11-05T15:29:03.2705356Z         <test_run package="com.hp.devops.demoapp.BandTest" name="bandTestB" class="com.hp.devops.demoapp.BandTest.bandTestB" duration="0" status="Failed" started="1604590113000" external_report_url="https://dev.azure.com/biancaclaudiachiorean/Test/_apis/test/Runs/32/Results/100001">
2020-11-05T15:29:03.2706021Z             
2020-11-05T15:29:03.2712274Z                 <error message="expected:&lt;json must have [1  an id  ] property&gt; but was:&lt;json must have [an id] property&gt;">org.junit.ComparisonFailure: expected:&amp;lt;json must have [1  an id  ] property&amp;gt; but was:&amp;lt;json must have [an id] property&amp;gt;
2020-11-05T15:29:03.2713060Z 	at com.hp.devops.demoapp.BandTest.bandTestB(BandTest.java:49)
2020-11-05T15:29:03.2713307Z </error>
2020-11-05T15:29:03.2713482Z         </test_run>
2020-11-05T15:29:03.2713636Z     
2020-11-05T15:29:03.2714261Z         <test_run package="com.hp.devops.demoapp.BandTest" name="bandTestC" class="com.hp.devops.demoapp.BandTest.bandTestC" duration="0" status="Failed" started="1604590113000" external_report_url="https://dev.azure.com/biancaclaudiachiorean/Test/_apis/test/Runs/32/Results/100002">
2020-11-05T15:29:03.2714898Z             
2020-11-05T15:29:03.2715282Z                 <error message="json must have 1  an id   property">java.security.InvalidParameterException: json must have 1  an id   property
2020-11-05T15:29:03.2715951Z 	at com.hp.devops.demoapp.BandTest.bandTestC(BandTest.java:57)
2020-11-05T15:29:03.2716303Z </error>
2020-11-05T15:29:03.2716474Z         </test_run>
2020-11-05T15:29:03.2716638Z     
2020-11-05T15:29:03.2717226Z         <test_run package="com.hp.devops.demoapp.BandTest" name="bandTestD" class="com.hp.devops.demoapp.BandTest.bandTestD" duration="0" status="Skipped" started="1604590113000" external_report_url="https://dev.azure.com/biancaclaudiachiorean/Test/_apis/test/Runs/32/Results/100003"/>
2020-11-05T15:29:03.2717823Z     
2020-11-05T15:29:03.2718401Z         <test_run package="com.hp.devops.demoapp.BandTest" name="bandTestE" class="com.hp.devops.demoapp.BandTest.bandTestE" duration="0" status="Failed" started="1604590113000" external_report_url="https://dev.azure.com/biancaclaudiachiorean/Test/_apis/test/Runs/32/Results/100004">
2020-11-05T15:29:03.2720787Z             
2020-11-05T15:29:03.2721202Z                 <error message="json must have 1  an id   property">java.security.InvalidParameterException: json must have 1  an id   property
2020-11-05T15:29:03.2721674Z 	at com.hp.devops.demoapp.BandTest.bandTestE(BandTest.java:80)
2020-11-05T15:29:03.2721924Z </error>
2020-11-05T15:29:03.2722076Z         </test_run>
2020-11-05T15:29:03.2722241Z     
2020-11-05T15:29:03.2722865Z         <test_run package="com.hp.devops.demoapp.CalcsTest" name="always_false_A" class="com.hp.devops.demoapp.CalcsTest.always_false_A" duration="0" status="Passed" started="1604590113000" external_report_url="https://dev.azure.com/biancaclaudiachiorean/Test/_apis/test/Runs/32/Results/100006"/>
2020-11-05T15:29:03.2723471Z     
2020-11-05T15:29:03.2724090Z         <test_run package="com.hp.devops.demoapp.CalcsTest" name="always_true_A" class="com.hp.devops.demoapp.CalcsTest.always_true_A" duration="0" status="Passed" started="1604590113000" external_report_url="https://dev.azure.com/biancaclaudiachiorean/Test/_apis/test/Runs/32/Results/100007"/>
2020-11-05T15:29:03.2725027Z     
2020-11-05T15:29:03.2725876Z         <test_run package="com.hp.devops.demoapp.CalcsTest" name="sub_test_A" class="com.hp.devops.demoapp.CalcsTest.sub_test_A" duration="0" status="Passed" started="1604590113000" external_report_url="https://dev.azure.com/biancaclaudiachiorean/Test/_apis/test/Runs/32/Results/100008"/>
2020-11-05T15:29:03.2726481Z     
2020-11-05T15:29:03.2727063Z         <test_run package="com.hp.devops.demoapp.CalcsTest" name="sub_test_B" class="com.hp.devops.demoapp.CalcsTest.sub_test_B" duration="0" status="Passed" started="1604590113000" external_report_url="https://dev.azure.com/biancaclaudiachiorean/Test/_apis/test/Runs/32/Results/100009"/>
2020-11-05T15:29:03.2727668Z     
2020-11-05T15:29:03.2728269Z         <test_run package="com.hp.devops.demoapp.CalcsTest" name="sub_test_C" class="com.hp.devops.demoapp.CalcsTest.sub_test_C" duration="0" status="Passed" started="1604590113000" external_report_url="https://dev.azure.com/biancaclaudiachiorean/Test/_apis/test/Runs/32/Results/100010"/>
2020-11-05T15:29:03.2728880Z     
2020-11-05T15:29:03.2729470Z         <test_run package="com.hp.devops.demoapp.CalcsTest" name="neq_test_A" class="com.hp.devops.demoapp.CalcsTest.neq_test_A" duration="7" status="Failed" started="1604590113000" external_report_url="https://dev.azure.com/biancaclaudiachiorean/Test/_apis/test/Runs/32/Results/100011">
2020-11-05T15:29:03.2730080Z             
2020-11-05T15:29:03.2730294Z                 <error message="java.lang.AssertionError
2020-11-05T15:29:03.2730620Z 	at com.hp.devops.demoapp.CalcsTest.neq_test_A(CalcsTest.java:52)
2020-11-05T15:29:03.2730900Z ">java.lang.AssertionError
2020-11-05T15:29:03.2731167Z 	at com.hp.devops.demoapp.CalcsTest.neq_test_A(CalcsTest.java:52)
2020-11-05T15:29:03.2731423Z </error>
2020-11-05T15:29:03.2731574Z         </test_run>
2020-11-05T15:29:03.2731739Z     
2020-11-05T15:29:03.2732324Z         <test_run package="com.hp.devops.demoapp.CalcsTest" name="neq_test_B" class="com.hp.devops.demoapp.CalcsTest.neq_test_B" duration="0" status="Failed" started="1604590113000" external_report_url="https://dev.azure.com/biancaclaudiachiorean/Test/_apis/test/Runs/32/Results/100012">
2020-11-05T15:29:03.2733050Z             
2020-11-05T15:29:03.2733281Z                 <error message="java.lang.AssertionError
2020-11-05T15:29:03.2733589Z 	at com.hp.devops.demoapp.CalcsTest.neq_test_B(CalcsTest.java:57)
2020-11-05T15:29:03.2734032Z ">java.lang.AssertionError
2020-11-05T15:29:03.2734293Z 	at com.hp.devops.demoapp.CalcsTest.neq_test_B(CalcsTest.java:57)
2020-11-05T15:29:03.2734541Z </error>
2020-11-05T15:29:03.2734704Z         </test_run>
2020-11-05T15:29:03.2734847Z     
2020-11-05T15:29:03.2735429Z         <test_run package="com.hp.devops.demoapp.CalcsTest" name="eq_test_A" class="com.hp.devops.demoapp.CalcsTest.eq_test_A" duration="0" status="Passed" started="1604590113000" external_report_url="https://dev.azure.com/biancaclaudiachiorean/Test/_apis/test/Runs/32/Results/100013"/>
2020-11-05T15:29:03.2735995Z     
2020-11-05T15:29:03.2736589Z         <test_run package="com.hp.devops.demoapp.CalcsTest" name="eq_test_B" class="com.hp.devops.demoapp.CalcsTest.eq_test_B" duration="0" status="Passed" started="1604590113000" external_report_url="https://dev.azure.com/biancaclaudiachiorean/Test/_apis/test/Runs/32/Results/100014"/>
2020-11-05T15:29:03.2737166Z     
2020-11-05T15:29:03.2737856Z         <test_run package="com.hp.devops.demoapp.CalcsTest" name="sum_test_A" class="com.hp.devops.demoapp.CalcsTest.sum_test_A" duration="0" status="Failed" started="1604590113000" external_report_url="https://dev.azure.com/biancaclaudiachiorean/Test/_apis/test/Runs/32/Results/100015">
2020-11-05T15:29:03.2738452Z             
2020-11-05T15:29:03.2738904Z                 <error message="expected:&lt;3&gt; but was:&lt;6&gt;">java.lang.AssertionError: expected:&amp;lt;3&amp;gt; but was:&amp;lt;6&amp;gt;
2020-11-05T15:29:03.2739458Z 	at com.hp.devops.demoapp.CalcsTest.sum_test_A(CalcsTest.java:22)
2020-11-05T15:29:03.2739706Z </error>
2020-11-05T15:29:03.2739856Z         </test_run>
2020-11-05T15:29:03.2740016Z     
2020-11-05T15:29:03.2740625Z         <test_run package="com.hp.devops.demoapp.CalcsTest" name="neq_test_C_BrokenTest" class="com.hp.devops.demoapp.CalcsTest.neq_test_C_BrokenTest" duration="0" status="Passed" started="1604590113000" external_report_url="https://dev.azure.com/biancaclaudiachiorean/Test/_apis/test/Runs/32/Results/100016"/>
2020-11-05T15:29:03.2741241Z     
2020-11-05T15:29:03.2741869Z         <test_run package="com.hp.devops.demoapp.DataManagerTest" name="dataManagerTestA" class="com.hp.devops.demoapp.DataManagerTest.dataManagerTestA" duration="0" status="Skipped" started="1604590113000" external_report_url="https://dev.azure.com/biancaclaudiachiorean/Test/_apis/test/Runs/32/Results/100017"/>
2020-11-05T15:29:03.2742487Z     
2020-11-05T15:29:03.2743109Z         <test_run package="com.hp.devops.demoapp.DataManagerTest" name="dataManagerTestB" class="com.hp.devops.demoapp.DataManagerTest.dataManagerTestB" duration="0" status="Skipped" started="1604590113000" external_report_url="https://dev.azure.com/biancaclaudiachiorean/Test/_apis/test/Runs/32/Results/100018"/>
2020-11-05T15:29:03.2743747Z     
2020-11-05T15:29:03.2744538Z         <test_run package="com.hp.devops.demoapp.DataManagerTest" name="dataManagerTestC" class="com.hp.devops.demoapp.DataManagerTest.dataManagerTestC" duration="0" status="Skipped" started="1604590113000" external_report_url="https://dev.azure.com/biancaclaudiachiorean/Test/_apis/test/Runs/32/Results/100019"/>
2020-11-05T15:29:03.2745179Z     
2020-11-05T15:29:03.2745820Z         <test_run package="com.hp.devops.demoapp.DataManagerTest" name="dataManagerTestD" class="com.hp.devops.demoapp.DataManagerTest.dataManagerTestD" duration="0" status="Skipped" started="1604590113000" external_report_url="https://dev.azure.com/biancaclaudiachiorean/Test/_apis/test/Runs/32/Results/100020"/>
2020-11-05T15:29:03.2746449Z     
2020-11-05T15:29:03.2747231Z         <test_run package="com.hp.devops.demoapp.DataManagerTest" name="dataManagerTestE" class="com.hp.devops.demoapp.DataManagerTest.dataManagerTestE" duration="0" status="Skipped" started="1604590113000" external_report_url="https://dev.azure.com/biancaclaudiachiorean/Test/_apis/test/Runs/32/Results/100021"/>
2020-11-05T15:29:03.2747915Z     
2020-11-05T15:29:03.2748566Z         <test_run package="com.hp.devops.demoapp.DataManagerTest" name="failTestForCoverageAnalysisB" class="com.hp.devops.demoapp.DataManagerTest.failTestForCoverageAnalysisB" duration="0" status="Skipped" started="1604590113000" external_report_url="https://dev.azure.com/biancaclaudiachiorean/Test/_apis/test/Runs/32/Results/100022"/>
2020-11-05T15:29:03.2749240Z     
2020-11-05T15:29:03.2749852Z         <test_run package="com.hp.devops.demoapp.UtilsTest" name="testSimpleLogical" class="com.hp.devops.demoapp.UtilsTest.testSimpleLogical" duration="7" status="Passed" started="1604590113000" external_report_url="https://dev.azure.com/biancaclaudiachiorean/Test/_apis/test/Runs/32/Results/100023"/>
2020-11-05T15:29:03.2750893Z     
2020-11-05T15:29:03.2751734Z         <test_run package="com.hp.devops.demoapp.UtilsTest" name="failTestForCoverageAnalysisA" class="com.hp.devops.demoapp.UtilsTest.failTestForCoverageAnalysisA" duration="6" status="Passed" started="1604590113000" external_report_url="https://dev.azure.com/biancaclaudiachiorean/Test/_apis/test/Runs/32/Results/100024"/>
2020-11-05T15:29:03.2752450Z     
2020-11-05T15:29:03.2753405Z         <test_run package="com.hp.devops.demoapp.UtilsTest" name="nodifyTestA" class="com.hp.devops.demoapp.UtilsTest.nodifyTestA" duration="0" status="Passed" started="1604590113000" external_report_url="https://dev.azure.com/biancaclaudiachiorean/Test/_apis/test/Runs/32/Results/100025"/>
2020-11-05T15:29:03.2754133Z     
2020-11-05T15:29:03.2754725Z         <test_run package="com.hp.devops.demoapp.UtilsTest" name="nodifyTestB" class="com.hp.devops.demoapp.UtilsTest.nodifyTestB" duration="0" status="Passed" started="1604590113000" external_report_url="https://dev.azure.com/biancaclaudiachiorean/Test/_apis/test/Runs/32/Results/100026"/>
2020-11-05T15:29:03.2755444Z     
2020-11-05T15:29:03.2756017Z         <test_run package="com.hp.devops.demoapp.UtilsTest" name="nodifyTestC" class="com.hp.devops.demoapp.UtilsTest.nodifyTestC" duration="0" status="Passed" started="1604590113000" external_report_url="https://dev.azure.com/biancaclaudiachiorean/Test/_apis/test/Runs/32/Results/100027"/>
2020-11-05T15:29:03.2756600Z     
2020-11-05T15:29:03.2757184Z         <test_run package="com.hp.devops.demoapp.UtilsTest" name="nodifyTestD" class="com.hp.devops.demoapp.UtilsTest.nodifyTestD" duration="0" status="Passed" started="1604590113000" external_report_url="https://dev.azure.com/biancaclaudiachiorean/Test/_apis/test/Runs/32/Results/100028"/>
2020-11-05T15:29:03.2757754Z     
2020-11-05T15:29:03.2758344Z         <test_run package="com.hp.devops.demoapp.UtilsTest" name="nodifyTestE" class="com.hp.devops.demoapp.UtilsTest.nodifyTestE" duration="4" status="Passed" started="1604590113000" external_report_url="https://dev.azure.com/biancaclaudiachiorean/Test/_apis/test/Runs/32/Results/100029"/>
2020-11-05T15:29:03.2758932Z     
2020-11-05T15:29:03.2759499Z         <test_run package="com.hp.devops.demoapp.UtilsTest" name="nodifyTestF" class="com.hp.devops.demoapp.UtilsTest.nodifyTestF" duration="0" status="Passed" started="1604590113000" external_report_url="https://dev.azure.com/biancaclaudiachiorean/Test/_apis/test/Runs/32/Results/100030"/>
2020-11-05T15:29:03.2760080Z     
2020-11-05T15:29:03.2760662Z         <test_run package="com.hp.devops.demoapp.UtilsTest" name="nodifyTestG" class="com.hp.devops.demoapp.UtilsTest.nodifyTestG" duration="0" status="Passed" started="1604590113000" external_report_url="https://dev.azure.com/biancaclaudiachiorean/Test/_apis/test/Runs/32/Results/100031"/>
2020-11-05T15:29:03.2761264Z </test_runs></test_result>
2020-11-05T15:29:03.2762389Z [DEBUG]Sending results to:https://qa8.almoctane.com:/internal-api/shared_spaces/1001//analytics/ci/test-results?skip-errors=true&instance-id=qa8.almoctane.com&job-ci-id=AzureDevOps.qa8.almoctane.com.Test.Test-Maven-CI&build-ci-id=16
2020-11-05T15:29:03.2763626Z [DEBUG]The result string is: <?xml version="1.0" encoding="utf-8" standalone="yes"?><test_result><build server_id="qa8.almoctane.com" job_id="AzureDevOps.qa8.almoctane.com.Test.Test-Maven-CI" build_id="16"/>
2020-11-05T15:29:03.2764059Z <test_fields>
2020-11-05T15:29:03.2764195Z     
2020-11-05T15:29:03.2764398Z         <test_field type="Framework" value="junit"/>
2020-11-05T15:29:03.2764586Z     
2020-11-05T15:29:03.2764796Z         <test_field type="Test_Level" value="Unit Test"/>
2020-11-05T15:29:03.2765004Z </test_fields>
2020-11-05T15:29:03.2765168Z <test_runs>
2020-11-05T15:29:03.2765315Z     
2020-11-05T15:29:03.2765884Z         <test_run package="com.hp.devops.demoapp.BandTest" name="bandTestA" class="com.hp.devops.demoapp.BandTest.bandTestA" duration="0" status="Passed" started="1604590113000" external_report_url="https://dev.azure.com/biancaclaudiachiorean/Test/_apis/test/Runs/32/Results/100000"/>
2020-11-05T15:29:03.2766475Z     
2020-11-05T15:29:03.2767038Z         <test_run package="com.hp.devops.demoapp.BandTest" name="bandTestB" class="com.hp.devops.demoapp.BandTest.bandTestB" duration="0" status="Failed" started="1604590113000" external_report_url="https://dev.azure.com/biancaclaudiachiorean/Test/_apis/test/Runs/32/Results/100001">
2020-11-05T15:29:03.2767733Z             
2020-11-05T15:29:03.2768415Z                 <error message="expected:&lt;json must have [1  an id  ] property&gt; but was:&lt;json must have [an id] property&gt;">org.junit.ComparisonFailure: expected:&amp;lt;json must have [1  an id  ] property&amp;gt; but was:&amp;lt;json must have [an id] property&amp;gt;
2020-11-05T15:29:03.2769095Z 	at com.hp.devops.demoapp.BandTest.bandTestB(BandTest.java:49)
2020-11-05T15:29:03.2769341Z </error>
2020-11-05T15:29:03.2769584Z         </test_run>
2020-11-05T15:29:03.2769730Z     
2020-11-05T15:29:03.2770309Z         <test_run package="com.hp.devops.demoapp.BandTest" name="bandTestC" class="com.hp.devops.demoapp.BandTest.bandTestC" duration="0" status="Failed" started="1604590113000" external_report_url="https://dev.azure.com/biancaclaudiachiorean/Test/_apis/test/Runs/32/Results/100002">
2020-11-05T15:29:03.2770884Z             
2020-11-05T15:29:03.2771260Z                 <error message="json must have 1  an id   property">java.security.InvalidParameterException: json must have 1  an id   property
2020-11-05T15:29:03.2771792Z 	at com.hp.devops.demoapp.BandTest.bandTestC(BandTest.java:57)
2020-11-05T15:29:03.2772215Z </error>
2020-11-05T15:29:03.2772517Z         </test_run>
2020-11-05T15:29:03.2772676Z     
2020-11-05T15:29:03.2773242Z         <test_run package="com.hp.devops.demoapp.BandTest" name="bandTestD" class="com.hp.devops.demoapp.BandTest.bandTestD" duration="0" status="Skipped" started="1604590113000" external_report_url="https://dev.azure.com/biancaclaudiachiorean/Test/_apis/test/Runs/32/Results/100003"/>
2020-11-05T15:29:03.2774004Z     
2020-11-05T15:29:03.2774785Z         <test_run package="com.hp.devops.demoapp.BandTest" name="bandTestE" class="com.hp.devops.demoapp.BandTest.bandTestE" duration="0" status="Failed" started="1604590113000" external_report_url="https://dev.azure.com/biancaclaudiachiorean/Test/_apis/test/Runs/32/Results/100004">
2020-11-05T15:29:03.2775949Z             
2020-11-05T15:29:03.2776676Z                 <error message="json must have 1  an id   property">java.security.InvalidParameterException: json must have 1  an id   property
2020-11-05T15:29:03.2777167Z 	at com.hp.devops.demoapp.BandTest.bandTestE(BandTest.java:80)
2020-11-05T15:29:03.2777915Z </error>
2020-11-05T15:29:03.2778087Z         </test_run>
2020-11-05T15:29:03.2778230Z     
2020-11-05T15:29:03.2778989Z         <test_run package="com.hp.devops.demoapp.CalcsTest" name="always_false_A" class="com.hp.devops.demoapp.CalcsTest.always_false_A" duration="0" status="Passed" started="1604590113000" external_report_url="https://dev.azure.com/biancaclaudiachiorean/Test/_apis/test/Runs/32/Results/100006"/>
2020-11-05T15:29:03.2779679Z     
2020-11-05T15:29:03.2780250Z         <test_run package="com.hp.devops.demoapp.CalcsTest" name="always_true_A" class="com.hp.devops.demoapp.CalcsTest.always_true_A" duration="0" status="Passed" started="1604590113000" external_report_url="https://dev.azure.com/biancaclaudiachiorean/Test/_apis/test/Runs/32/Results/100007"/>
2020-11-05T15:29:03.2780834Z     
2020-11-05T15:29:03.2781405Z         <test_run package="com.hp.devops.demoapp.CalcsTest" name="sub_test_A" class="com.hp.devops.demoapp.CalcsTest.sub_test_A" duration="0" status="Passed" started="1604590113000" external_report_url="https://dev.azure.com/biancaclaudiachiorean/Test/_apis/test/Runs/32/Results/100008"/>
2020-11-05T15:29:03.2781955Z     
2020-11-05T15:29:03.2782520Z         <test_run package="com.hp.devops.demoapp.CalcsTest" name="sub_test_B" class="com.hp.devops.demoapp.CalcsTest.sub_test_B" duration="0" status="Passed" started="1604590113000" external_report_url="https://dev.azure.com/biancaclaudiachiorean/Test/_apis/test/Runs/32/Results/100009"/>
2020-11-05T15:29:03.2783097Z     
2020-11-05T15:29:03.2783832Z         <test_run package="com.hp.devops.demoapp.CalcsTest" name="sub_test_C" class="com.hp.devops.demoapp.CalcsTest.sub_test_C" duration="0" status="Passed" started="1604590113000" external_report_url="https://dev.azure.com/biancaclaudiachiorean/Test/_apis/test/Runs/32/Results/100010"/>
2020-11-05T15:29:03.2784418Z     
2020-11-05T15:29:03.2785001Z         <test_run package="com.hp.devops.demoapp.CalcsTest" name="neq_test_A" class="com.hp.devops.demoapp.CalcsTest.neq_test_A" duration="7" status="Failed" started="1604590113000" external_report_url="https://dev.azure.com/biancaclaudiachiorean/Test/_apis/test/Runs/32/Results/100011">
2020-11-05T15:29:03.2785584Z             
2020-11-05T15:29:03.2785807Z                 <error message="java.lang.AssertionError
2020-11-05T15:29:03.2786169Z 	at com.hp.devops.demoapp.CalcsTest.neq_test_A(CalcsTest.java:52)
2020-11-05T15:29:03.2786448Z ">java.lang.AssertionError
2020-11-05T15:29:03.2786721Z 	at com.hp.devops.demoapp.CalcsTest.neq_test_A(CalcsTest.java:52)
2020-11-05T15:29:03.2786952Z </error>
2020-11-05T15:29:03.2787112Z         </test_run>
2020-11-05T15:29:03.2787256Z     
2020-11-05T15:29:03.2787840Z         <test_run package="com.hp.devops.demoapp.CalcsTest" name="neq_test_B" class="com.hp.devops.demoapp.CalcsTest.neq_test_B" duration="0" status="Failed" started="1604590113000" external_report_url="https://dev.azure.com/biancaclaudiachiorean/Test/_apis/test/Runs/32/Results/100012">
2020-11-05T15:29:03.2788428Z             
2020-11-05T15:29:03.2788635Z                 <error message="java.lang.AssertionError
2020-11-05T15:29:03.2788946Z 	at com.hp.devops.demoapp.CalcsTest.neq_test_B(CalcsTest.java:57)
2020-11-05T15:29:03.2789203Z ">java.lang.AssertionError
2020-11-05T15:29:03.2789481Z 	at com.hp.devops.demoapp.CalcsTest.neq_test_B(CalcsTest.java:57)
2020-11-05T15:29:03.2789711Z </error>
2020-11-05T15:29:03.2789872Z         </test_run>
2020-11-05T15:29:03.2790033Z     
2020-11-05T15:29:03.2790600Z         <test_run package="com.hp.devops.demoapp.CalcsTest" name="eq_test_A" class="com.hp.devops.demoapp.CalcsTest.eq_test_A" duration="0" status="Passed" started="1604590113000" external_report_url="https://dev.azure.com/biancaclaudiachiorean/Test/_apis/test/Runs/32/Results/100013"/>
2020-11-05T15:29:03.2791184Z     
2020-11-05T15:29:03.2791753Z         <test_run package="com.hp.devops.demoapp.CalcsTest" name="eq_test_B" class="com.hp.devops.demoapp.CalcsTest.eq_test_B" duration="0" status="Passed" started="1604590113000" external_report_url="https://dev.azure.com/biancaclaudiachiorean/Test/_apis/test/Runs/32/Results/100014"/>
2020-11-05T15:29:03.2792333Z     
2020-11-05T15:29:03.2792912Z         <test_run package="com.hp.devops.demoapp.CalcsTest" name="sum_test_A" class="com.hp.devops.demoapp.CalcsTest.sum_test_A" duration="0" status="Failed" started="1604590113000" external_report_url="https://dev.azure.com/biancaclaudiachiorean/Test/_apis/test/Runs/32/Results/100015">
2020-11-05T15:29:03.2793579Z             
2020-11-05T15:29:03.2793975Z                 <error message="expected:&lt;3&gt; but was:&lt;6&gt;">java.lang.AssertionError: expected:&amp;lt;3&amp;gt; but was:&amp;lt;6&amp;gt;
2020-11-05T15:29:03.2794459Z 	at com.hp.devops.demoapp.CalcsTest.sum_test_A(CalcsTest.java:22)
2020-11-05T15:29:03.2794691Z </error>
2020-11-05T15:29:03.2794854Z         </test_run>
2020-11-05T15:29:03.2794996Z     
2020-11-05T15:29:03.2796289Z         <test_run package="com.hp.devops.demoapp.CalcsTest" name="neq_test_C_BrokenTest" class="com.hp.devops.demoapp.CalcsTest.neq_test_C_BrokenTest" duration="0" status="Passed" started="1604590113000" external_report_url="https://dev.azure.com/biancaclaudiachiorean/Test/_apis/test/Runs/32/Results/100016"/>
2020-11-05T15:29:03.2796914Z     
2020-11-05T15:29:03.2797528Z         <test_run package="com.hp.devops.demoapp.DataManagerTest" name="dataManagerTestA" class="com.hp.devops.demoapp.DataManagerTest.dataManagerTestA" duration="0" status="Skipped" started="1604590113000" external_report_url="https://dev.azure.com/biancaclaudiachiorean/Test/_apis/test/Runs/32/Results/100017"/>
2020-11-05T15:29:03.2798350Z     
2020-11-05T15:29:03.2798998Z         <test_run package="com.hp.devops.demoapp.DataManagerTest" name="dataManagerTestB" class="com.hp.devops.demoapp.DataManagerTest.dataManagerTestB" duration="0" status="Skipped" started="1604590113000" external_report_url="https://dev.azure.com/biancaclaudiachiorean/Test/_apis/test/Runs/32/Results/100018"/>
2020-11-05T15:29:03.2799776Z     
2020-11-05T15:29:03.2800387Z         <test_run package="com.hp.devops.demoapp.DataManagerTest" name="dataManagerTestC" class="com.hp.devops.demoapp.DataManagerTest.dataManagerTestC" duration="0" status="Skipped" started="1604590113000" external_report_url="https://dev.azure.com/biancaclaudiachiorean/Test/_apis/test/Runs/32/Results/100019"/>
2020-11-05T15:29:03.2801392Z     
2020-11-05T15:29:03.2802145Z         <test_run package="com.hp.devops.demoapp.DataManagerTest" name="dataManagerTestD" class="com.hp.devops.demoapp.DataManagerTest.dataManagerTestD" duration="0" status="Skipped" started="1604590113000" external_report_url="https://dev.azure.com/biancaclaudiachiorean/Test/_apis/test/Runs/32/Results/100020"/>
2020-11-05T15:29:03.2802754Z     
2020-11-05T15:29:03.2803359Z         <test_run package="com.hp.devops.demoapp.DataManagerTest" name="dataManagerTestE" class="com.hp.devops.demoapp.DataManagerTest.dataManagerTestE" duration="0" status="Skipped" started="1604590113000" external_report_url="https://dev.azure.com/biancaclaudiachiorean/Test/_apis/test/Runs/32/Results/100021"/>
2020-11-05T15:29:03.2803963Z     
2020-11-05T15:29:03.2804595Z         <test_run package="com.hp.devops.demoapp.DataManagerTest" name="failTestForCoverageAnalysisB" class="com.hp.devops.demoapp.DataManagerTest.failTestForCoverageAnalysisB" duration="0" status="Skipped" started="1604590113000" external_report_url="https://dev.azure.com/biancaclaudiachiorean/Test/_apis/test/Runs/32/Results/100022"/>
2020-11-05T15:29:03.2805247Z     
2020-11-05T15:29:03.2805838Z         <test_run package="com.hp.devops.demoapp.UtilsTest" name="testSimpleLogical" class="com.hp.devops.demoapp.UtilsTest.testSimpleLogical" duration="7" status="Passed" started="1604590113000" external_report_url="https://dev.azure.com/biancaclaudiachiorean/Test/_apis/test/Runs/32/Results/100023"/>
2020-11-05T15:29:03.2806408Z     
2020-11-05T15:29:03.2807040Z         <test_run package="com.hp.devops.demoapp.UtilsTest" name="failTestForCoverageAnalysisA" class="com.hp.devops.demoapp.UtilsTest.failTestForCoverageAnalysisA" duration="6" status="Passed" started="1604590113000" external_report_url="https://dev.azure.com/biancaclaudiachiorean/Test/_apis/test/Runs/32/Results/100024"/>
2020-11-05T15:29:03.2807671Z     
2020-11-05T15:29:03.2808409Z         <test_run package="com.hp.devops.demoapp.UtilsTest" name="nodifyTestA" class="com.hp.devops.demoapp.UtilsTest.nodifyTestA" duration="0" status="Passed" started="1604590113000" external_report_url="https://dev.azure.com/biancaclaudiachiorean/Test/_apis/test/Runs/32/Results/100025"/>
2020-11-05T15:29:03.2809246Z     
2020-11-05T15:29:03.2809860Z         <test_run package="com.hp.devops.demoapp.UtilsTest" name="nodifyTestB" class="com.hp.devops.demoapp.UtilsTest.nodifyTestB" duration="0" status="Passed" started="1604590113000" external_report_url="https://dev.azure.com/biancaclaudiachiorean/Test/_apis/test/Runs/32/Results/100026"/>
2020-11-05T15:29:03.2810787Z     
2020-11-05T15:29:03.2811375Z         <test_run package="com.hp.devops.demoapp.UtilsTest" name="nodifyTestC" class="com.hp.devops.demoapp.UtilsTest.nodifyTestC" duration="0" status="Passed" started="1604590113000" external_report_url="https://dev.azure.com/biancaclaudiachiorean/Test/_apis/test/Runs/32/Results/100027"/>
2020-11-05T15:29:03.2811979Z     
2020-11-05T15:29:03.2812566Z         <test_run package="com.hp.devops.demoapp.UtilsTest" name="nodifyTestD" class="com.hp.devops.demoapp.UtilsTest.nodifyTestD" duration="0" status="Passed" started="1604590113000" external_report_url="https://dev.azure.com/biancaclaudiachiorean/Test/_apis/test/Runs/32/Results/100028"/>
2020-11-05T15:29:03.2814778Z     
2020-11-05T15:29:03.2815787Z         <test_run package="com.hp.devops.demoapp.UtilsTest" name="nodifyTestE" class="com.hp.devops.demoapp.UtilsTest.nodifyTestE" duration="4" status="Passed" started="1604590113000" external_report_url="https://dev.azure.com/biancaclaudiachiorean/Test/_apis/test/Runs/32/Results/100029"/>
2020-11-05T15:29:03.2816531Z     
2020-11-05T15:29:03.2818019Z         <test_run package="com.hp.devops.demoapp.UtilsTest" name="nodifyTestF" class="com.hp.devops.demoapp.UtilsTest.nodifyTestF" duration="0" status="Passed" started="1604590113000" external_report_url="https://dev.azure.com/biancaclaudiachiorean/Test/_apis/test/Runs/32/Results/100030"/>
2020-11-05T15:29:03.2819664Z     
2020-11-05T15:29:03.2820747Z         <test_run package="com.hp.devops.demoapp.UtilsTest" name="nodifyTestG" class="com.hp.devops.demoapp.UtilsTest.nodifyTestG" duration="0" status="Passed" started="1604590113000" external_report_url="https://dev.azure.com/biancaclaudiachiorean/Test/_apis/test/Runs/32/Results/100031"/>
2020-11-05T15:29:03.2821348Z </test_runs></test_result>
2020-11-05T15:29:04.1732161Z [DEBUG]sendTestResult response:
2020-11-05T15:29:04.1741078Z [DEBUG]{"statusCode":202,"body":"{\"status\":\"queued\",\"id\":710901}","headers":{"date":"Thu, 05 Nov 2020 15:29:04 GMT","content-type":"application/json","transfer-encoding":"chunked","connection":"close","strict-transport-security":"max-age=31536000","octane-server":"885001","x-content-type-options":"nosniff","x-xss-protection":"1","vary":"Accept-Encoding","server-timing":"1.31xEntitiesReader;dur=294;,2.03xQueryTransformationReadCommand;dur=38;,3.01xValidateNonSelectableFieldsCommand;dur=1;,4.01xVirtualFieldCommand;dur=1;,CPU;dur=-1;,DB;dur=-1;,WaitForConn;dur=-1;,ES;dur=-1;,Total;dur=-1;","octane-db-query-count":"-1","octane-es-query-count":"-1","cf-cache-status":"DYNAMIC","cf-request-id":"063a9f9f2e000034f01917f000000001","expect-ct":"max-age=604800, report-uri=\"https://report-uri.cloudflare.com/cdn-cgi/beacon/expect-ct\"","server":"cloudflare","cf-ray":"5ed79bab7a6e34f0-DUB"},"request":{"uri":{"protocol":"https:","slashes":true,"auth":null,"host":"qa8.almoctane.com","port":443,"hostname":"qa8.almoctane.com","hash":null,"search":"?skip-errors=true&instance-id=qa8.almoctane.com&job-ci-id=AzureDevOps.qa8.almoctane.com.Test.Test-Maven-CI&build-ci-id=16","query":"skip-errors=true&instance-id=qa8.almoctane.com&job-ci-id=AzureDevOps.qa8.almoctane.com.Test.Test-Maven-CI&build-ci-id=16","pathname":"/internal-api/shared_spaces/1001/analytics/ci/test-results","path":"/internal-api/shared_spaces/1001/analytics/ci/test-results?skip-errors=true&instance-id=qa8.almoctane.com&job-ci-id=AzureDevOps.qa8.almoctane.com.Test.Test-Maven-CI&build-ci-id=16","href":"https://qa8.almoctane.com/internal-api/shared_spaces/1001/analytics/ci/test-results?skip-errors=true&instance-id=qa8.almoctane.com&job-ci-id=AzureDevOps.qa8.almoctane.com.Test.Test-Maven-CI&build-ci-id=16"},"method":"POST","headers":{"HPECLIENTTYPE":"HPE_CI_CLIENT","Content-Type":"application/xml","cookie":"__cfduid=dcd24434db287869f3edbe12b4f48bd961604590137; OCTANE_USER=QXp1cmVBUElfbDRqejNscDFsNm1kNGFncW52eHJ3MDlkaw==; LWSSO_COOKIE_KEY=ddMMJG7rKcUMWYBigGGoKCwRsFK7WiyMBpgtB_34jLy_pC6Glfo99weNLKKECsi0lb-G1x5KqXA4EbWT8GGkkrnhrib6L6beZ68TWZr2Qzcj1jdUGamulwLoeEE_gsNIGL1nB_T3rdWKY2QQt-LOvWHWxrDtSxJ6WxHORKkSqpdF58HJeqR0xNPHQpxGjkDfPA9C1X3siKacQRteCKQ4HRG1tj_v7Wd3LaG6v-oEYEcfhRUjcVxGqoffw4ITgHSRKqMw5-GARObmWfu4ALuXnB0o_oPaNBMHmRn-boaozXSMkVi57f0DkEDuE4BuK6f97ZNiDEPbnB-gcogmHkxXXfF7EaHQQgzLkAcVanCtHkc.","content-length":11384}}}
2020-11-05T15:29:04.1794805Z ##[section]Finishing: ALM Octane Job End